[01-Aug-2018 03:43:04 UTC] PHP Fatal error:  Uncaught exception 'PDOException' with message 'SQLSTATE[HY093]: Invalid parameter number: parameter was not defined' in /home/ubuntu/workspace/cst336/labs/lab8/csumb_quiz/verifyUser.php:14
Stack trace:
#0 /home/ubuntu/workspace/cst336/labs/lab8/csumb_quiz/verifyUser.php(14): PDOStatement->execute(Array)
#1 {main}
  thrown in /home/ubuntu/workspace/cst336/labs/lab8/csumb_quiz/verifyUser.php on line 14
[01-Aug-2018 03:58:16 UTC] PHP Fatal error:  Uncaught exception 'PDOException' with message 'SQLSTATE[HY093]: Invalid parameter number: parameter was not defined' in /home/ubuntu/workspace/cst336/labs/lab8/csumb_quiz/verifyUser.php:14
Stack trace:
#0 /home/ubuntu/workspace/cst336/labs/lab8/csumb_quiz/verifyUser.php(14): PDOStatement->execute(Array)
#1 {main}
  thrown in /home/ubuntu/workspace/cst336/labs/lab8/csumb_quiz/verifyUser.php on line 14
[01-Aug-2018 04:05:19 UTC] PHP Fatal error:  Uncaught exception 'PDOException' with message 'SQLSTATE[HY093]: Invalid parameter number: parameter was not defined' in /home/ubuntu/workspace/cst336/labs/lab8/csumb_quiz/verifyUser.php:14
Stack trace:
#0 /home/ubuntu/workspace/cst336/labs/lab8/csumb_quiz/verifyUser.php(14): PDOStatement->execute(Array)
#1 {main}
  thrown in /home/ubuntu/workspace/cst336/labs/lab8/csumb_quiz/verifyUser.php on line 14
[01-Aug-2018 04:18:58 UTC] PHP Fatal error:  Uncaught exception 'PDOException' with message 'SQLSTATE[HY093]: Invalid parameter number: parameter was not defined' in /home/ubuntu/workspace/cst336/labs/lab8/csumb_quiz/verifyUser.php:14
Stack trace:
#0 /home/ubuntu/workspace/cst336/labs/lab8/csumb_quiz/verifyUser.php(14): PDOStatement->execute(Array)
#1 {main}
  thrown in /home/ubuntu/workspace/cst336/labs/lab8/csumb_quiz/verifyUser.php on line 14
[01-Aug-2018 04:27:31 UTC] PHP Fatal error:  Uncaught exception 'PDOException' with message 'SQLSTATE[HY093]: Invalid parameter number: parameter was not defined' in /home/ubuntu/workspace/cst336/labs/lab8/csumb_quiz/verifyUser.php:14
Stack trace:
#0 /home/ubuntu/workspace/cst336/labs/lab8/csumb_quiz/verifyUser.php(14): PDOStatement->execute(Array)
#1 {main}
  thrown in /home/ubuntu/workspace/cst336/labs/lab8/csumb_quiz/verifyUser.php on line 14
[01-Aug-2018 04:27:40 UTC] PHP Fatal error:  Uncaught exception 'PDOException' with message 'SQLSTATE[HY093]: Invalid parameter number: parameter was not defined' in /home/ubuntu/workspace/cst336/labs/lab8/csumb_quiz/verifyUser.php:14
Stack trace:
#0 /home/ubuntu/workspace/cst336/labs/lab8/csumb_quiz/verifyUser.php(14): PDOStatement->execute(Array)
#1 {main}
  thrown in /home/ubuntu/workspace/cst336/labs/lab8/csumb_quiz/verifyUser.php on line 14
[01-Aug-2018 04:52:28 UTC] PHP Fatal error:  Uncaught exception 'PDOException' with message 'SQLSTATE[HY093]: Invalid parameter number: parameter was not defined' in /home/ubuntu/workspace/cst336/labs/lab8/csumb_quiz/verifyUser.php:18
Stack trace:
#0 /home/ubuntu/workspace/cst336/labs/lab8/csumb_quiz/verifyUser.php(18): PDOStatement->execute(Array)
#1 {main}
  thrown in /home/ubuntu/workspace/cst336/labs/lab8/csumb_quiz/verifyUser.php on line 18
[01-Aug-2018 04:52:57 UTC] PHP Fatal error:  Uncaught exception 'PDOException' with message 'SQLSTATE[HY093]: Invalid parameter number: parameter was not defined' in /home/ubuntu/workspace/cst336/labs/lab8/csumb_quiz/verifyUser.php:18
Stack trace:
#0 /home/ubuntu/workspace/cst336/labs/lab8/csumb_quiz/verifyUser.php(18): PDOStatement->execute(Array)
#1 {main}
  thrown in /home/ubuntu/workspace/cst336/labs/lab8/csumb_quiz/verifyUser.php on line 18
[01-Aug-2018 04:55:49 UTC] PHP Fatal error:  Uncaught exception 'PDOException' with message 'SQLSTATE[HY093]: Invalid parameter number: parameter was not defined' in /home/ubuntu/workspace/cst336/labs/lab8/csumb_quiz/verifyUser.php:18
Stack trace:
#0 /home/ubuntu/workspace/cst336/labs/lab8/csumb_quiz/verifyUser.php(18): PDOStatement->execute(Array)
#1 {main}
  thrown in /home/ubuntu/workspace/cst336/labs/lab8/csumb_quiz/verifyUser.php on line 18
[01-Aug-2018 04:56:17 UTC] PHP Fatal error:  Uncaught exception 'PDOException' with message 'SQLSTATE[HY093]: Invalid parameter number: parameter was not defined' in /home/ubuntu/workspace/cst336/labs/lab8/csumb_quiz/verifyUser.php:18
Stack trace:
#0 /home/ubuntu/workspace/cst336/labs/lab8/csumb_quiz/verifyUser.php(18): PDOStatement->execute(Array)
#1 {main}
  thrown in /home/ubuntu/workspace/cst336/labs/lab8/csumb_quiz/verifyUser.php on line 18
[01-Aug-2018 04:58:42 UTC] PHP Fatal error:  Uncaught exception 'PDOException' with message 'SQLSTATE[HY093]: Invalid parameter number: parameter was not defined' in /home/ubuntu/workspace/cst336/labs/lab8/csumb_quiz/verifyUser.php:18
Stack trace:
#0 /home/ubuntu/workspace/cst336/labs/lab8/csumb_quiz/verifyUser.php(18): PDOStatement->execute(Array)
#1 {main}
  thrown in /home/ubuntu/workspace/cst336/labs/lab8/csumb_quiz/verifyUser.php on line 18
[01-Aug-2018 05:00:33 UTC] PHP Fatal error:  Uncaught exception 'PDOException' with message 'SQLSTATE[HY093]: Invalid parameter number: parameter was not defined' in /home/ubuntu/workspace/cst336/labs/lab8/csumb_quiz/verifyUser.php:18
Stack trace:
#0 /home/ubuntu/workspace/cst336/labs/lab8/csumb_quiz/verifyUser.php(18): PDOStatement->execute(Array)
#1 {main}
  thrown in /home/ubuntu/workspace/cst336/labs/lab8/csumb_quiz/verifyUser.php on line 18
[01-Aug-2018 05:03:23 UTC] PHP Fatal error:  Uncaught exception 'PDOException' with message 'SQLSTATE[HY093]: Invalid parameter number: parameter was not defined' in /home/ubuntu/workspace/cst336/labs/lab8/csumb_quiz/verifyUser.php:18
Stack trace:
#0 /home/ubuntu/workspace/cst336/labs/lab8/csumb_quiz/verifyUser.php(18): PDOStatement->execute(Array)
#1 {main}
  thrown in /home/ubuntu/workspace/cst336/labs/lab8/csumb_quiz/verifyUser.php on line 18
[01-Aug-2018 05:13:58 UTC] PHP Fatal error:  Uncaught exception 'PDOException' with message 'SQLSTATE[HY093]: Invalid parameter number: parameter was not defined' in /home/ubuntu/workspace/cst336/labs/lab8/csumb_quiz/verifyUser.php:18
Stack trace:
#0 /home/ubuntu/workspace/cst336/labs/lab8/csumb_quiz/verifyUser.php(18): PDOStatement->execute(Array)
#1 {main}
  thrown in /home/ubuntu/workspace/cst336/labs/lab8/csumb_quiz/verifyUser.php on line 18
[01-Aug-2018 05:14:54 UTC] PHP Fatal error:  Uncaught exception 'PDOException' with message 'SQLSTATE[HY093]: Invalid parameter number: parameter was not defined' in /home/ubuntu/workspace/cst336/labs/lab8/csumb_quiz/verifyUser.php:18
Stack trace:
#0 /home/ubuntu/workspace/cst336/labs/lab8/csumb_quiz/verifyUser.php(18): PDOStatement->execute(Array)
#1 {main}
  thrown in /home/ubuntu/workspace/cst336/labs/lab8/csumb_quiz/verifyUser.php on line 18
[04-Aug-2018 14:28:54 UTC] PHP Fatal error:  Uncaught exception 'PDOException' with message 'SQLSTATE[HY093]: Invalid parameter number: parameter was not defined' in /home/ubuntu/workspace/cst336/labs/lab8/csumb_quiz/verifyUser.php:18
Stack trace:
#0 /home/ubuntu/workspace/cst336/labs/lab8/csumb_quiz/verifyUser.php(18): PDOStatement->execute(Array)
#1 {main}
  thrown in /home/ubuntu/workspace/cst336/labs/lab8/csumb_quiz/verifyUser.php on line 18
[04-Aug-2018 14:37:25 UTC] PHP Fatal error:  Uncaught exception 'PDOException' with message 'SQLSTATE[HY093]: Invalid parameter number: parameter was not defined' in /home/ubuntu/workspace/cst336/labs/lab8/csumb_quiz/verifyUser.php:17
Stack trace:
#0 /home/ubuntu/workspace/cst336/labs/lab8/csumb_quiz/verifyUser.php(17): PDOStatement->execute(Array)
#1 {main}
  thrown in /home/ubuntu/workspace/cst336/labs/lab8/csumb_quiz/verifyUser.php on line 17
[04-Aug-2018 14:49:37 UTC] PHP Fatal error:  Uncaught exception 'PDOException' with message 'SQLSTATE[HY093]: Invalid parameter number: parameter was not defined' in /home/ubuntu/workspace/cst336/labs/lab8/csumb_quiz/verifyUser.php:17
Stack trace:
#0 /home/ubuntu/workspace/cst336/labs/lab8/csumb_quiz/verifyUser.php(17): PDOStatement->execute(Array)
#1 {main}
  thrown in /home/ubuntu/workspace/cst336/labs/lab8/csumb_quiz/verifyUser.php on line 17
[04-Aug-2018 14:51:45 UTC] PHP Fatal error:  Uncaught exception 'PDOException' with message 'SQLSTATE[HY093]: Invalid parameter number: parameter was not defined' in /home/ubuntu/workspace/cst336/labs/lab8/csumb_quiz/verifyUser.php:17
Stack trace:
#0 /home/ubuntu/workspace/cst336/labs/lab8/csumb_quiz/verifyUser.php(17): PDOStatement->execute(Array)
#1 {main}
  thrown in /home/ubuntu/workspace/cst336/labs/lab8/csumb_quiz/verifyUser.php on line 17
[04-Aug-2018 14:53:28 UTC] PHP Fatal error:  Uncaught exception 'PDOException' with message 'SQLSTATE[HY093]: Invalid parameter number: parameter was not defined' in /home/ubuntu/workspace/cst336/labs/lab8/csumb_quiz/verifyUser.php:17
Stack trace:
#0 /home/ubuntu/workspace/cst336/labs/lab8/csumb_quiz/verifyUser.php(17): PDOStatement->execute(Array)
#1 {main}
  thrown in /home/ubuntu/workspace/cst336/labs/lab8/csumb_quiz/verifyUser.php on line 17
[04-Aug-2018 14:56:22 UTC] PHP Fatal error:  Uncaught exception 'PDOException' with message 'SQLSTATE[HY093]: Invalid parameter number: parameter was not defined' in /home/ubuntu/workspace/cst336/labs/lab8/csumb_quiz/verifyUser.php:17
Stack trace:
#0 /home/ubuntu/workspace/cst336/labs/lab8/csumb_quiz/verifyUser.php(17): PDOStatement->execute(Array)
#1 {main}
  thrown in /home/ubuntu/workspace/cst336/labs/lab8/csumb_quiz/verifyUser.php on line 17
